<?xml version="1.0" encoding="UTF-8"?>
<testng-results ignored="0" total="1" passed="1" failed="0" skipped="0">
  <reporter-output>
  </reporter-output>
  <suite started-at="2024-07-07T08:37:35 IST" name="Default suite" finished-at="2024-07-07T08:37:42 IST" duration-ms="7022">
    <groups>
    </groups>
    <test started-at="2024-07-07T08:37:35 IST" name="Default test" finished-at="2024-07-07T08:37:42 IST" duration-ms="7022">
      <class name="test4.DatadrivenInsta">
        <test-method is-config="true" signature="bt()[pri:0, instance:test4.DatadrivenInsta@f78a47e]" started-at="2024-07-07T08:37:35 IST" name="bt" finished-at="2024-07-07T08:37:40 IST" duration-ms="5244" status="PASS">
          <reporter-output>
          </reporter-output>
        </test-method> <!-- bt -->
        <test-method signature="t1()[pri:0, instance:test4.DatadrivenInsta@f78a47e]" started-at="2024-07-07T08:37:40 IST" name="t1" finished-at="2024-07-07T08:37:42 IST" duration-ms="1698" status="PASS">
          <reporter-output>
          </reporter-output>
        </test-method> <!-- t1 -->
      </class> <!-- test4.DatadrivenInsta -->
    </test> <!-- Default test -->
  </suite> <!-- Default suite -->
</testng-results>
